==============================================================
Errors for test [Success] run at agent [localhost:9999]
Name: Success
  Result: FAILURE      Assert Count: 0  Time:     0

Message: The test PerformanceTest.Testin.RunSelenium couldn't be found in the assembly PerformanceTest.dll
Stack Trace:




Output:
==============================================================
Errors for test [Success] run at agent [localhost:9999]
Name: Success
  Result: FAILURE      Assert Count: 0  Time:     0

Message: The test PerformanceTest.Testing.RunSelenium couldn't be found in the assembly PerformanceTest.dll
Stack Trace:




Output:
==============================================================
Errors for test [Success] run at agent [localhost:9999]
Name: Success
  Result: FAILURE      Assert Count: 0  Time:     0

Message: The test PerformanceTest.Testing.RunSelenium couldn't be found in the assembly PerformanceTest.dll
Stack Trace:




Output:
==============================================================
Errors for test [Success] run at agent [localhost:9999]
Name: Success
  Result: FAILURE      Assert Count: 0  Time:     0

Message: The test PerformanceTest.Testing.RunSelenium couldn't be found in the assembly PerformanceTest.dll
Stack Trace:




Output:
==============================================================
Errors for test [Success] run at agent [localhost:9999]
Name: Success
  Result: FAILURE      Assert Count: 0  Time:     0

Message: The test Testing.RunSelenium couldn't be found in the assembly PerformanceTest.dll
Stack Trace:




Output:
==============================================================
Errors for test [Success] run at agent [localhost:9999]
Name: Success
  Result: FAILURE      Assert Count: 0  Time:     0

Message: The test RunSelenium couldn't be found in the assembly PerformanceTest.dll
Stack Trace:




Output:
==============================================================
Errors for test [Success] run at agent [localhost:9999]
Name: Success
  Result: FAILURE      Assert Count: 0  Time:     0

Message: The test Testing couldn't be found in the assembly PerformanceTest.dll
Stack Trace:




Output:
==============================================================
Errors for test [Success] run at agent [localhost:9999]
Name: Success
  Result: FAILURE      Assert Count: 0  Time:     0

Message: The test PerformanceTest.Testing couldn't be found in the assembly PerformanceTest.dll
Stack Trace:




Output:
==============================================================
Errors for test [Success] run at agent [localhost:9999]
Name: Success
  Result: FAILURE      Assert Count: 0  Time:     0

Message: The test performanceTest.Testing couldn't be found in the assembly PerformanceTest.dll
Stack Trace:




Output:
==============================================================
Errors for test [Success] run at agent [localhost:9999]
Name: Success
  Result: FAILURE      Assert Count: 0  Time:     0

Message: The test performanceTest.Testing.Testing.RunSelenium couldn't be found in the assembly PerformanceTest.dll
Stack Trace:




Output:
==============================================================
Errors for test [Success] run at agent [localhost:9999]
Name: Success
  Result: FAILURE      Assert Count: 0  Time:     0

Message: The test PerformanceTest.Testing.Testing.RunSelenium couldn't be found in the assembly PerformanceTest.dll
Stack Trace:




Output:
==============================================================
Errors for test [Success] run at agent [localhost:9999]
Name: Success
  Result: FAILURE      Assert Count: 0  Time:     0

Message: The test CWDTest.TestScenarios.Approvals couldn't be found in the assembly Tools.dll
Stack Trace:




Output:
==============================================================
Errors for test [Success] run at agent [localhost:9999]
Name: Success
  Result: FAILURE      Assert Count: 0  Time:     0

Message: The test CWDTest.TestScenarios.Approvals couldn't be found in the assembly Tools.dll
Stack Trace:




Output:
==============================================================
Errors for test [Success] run at agent [localhost:9999]
Name: Success
  Result: FAILURE      Assert Count: 0  Time:     0

Message: The test CWDTest.TestScenarios.Approvals.Approvals couldn't be found in the assembly Tools.dll
Stack Trace:




Output:
==============================================================
Errors for test [Success] run at agent [localhost:9999]
Name: Success
  Result: FAILURE      Assert Count: 0  Time:     0

Message: The test TestScenarios.Approvals.Approvals couldn't be found in the assembly Tools.dll
Stack Trace:




Output:
==============================================================
Errors for test [Success] run at agent [localhost:9999]
Name: Success
  Result: FAILURE      Assert Count: 0  Time:     0

Message: The test TestScenarios.Approvals couldn't be found in the assembly Tools.dll
Stack Trace:




Output:
==============================================================
Errors for test [Success] run at agent [localhost:9999]
Name: Success
  Result: FAILURE      Assert Count: 0  Time:     0

Message: The test Approvals couldn't be found in the assembly Tools.dll
Stack Trace:




Output:
==============================================================
Errors for test [Success] run at agent [localhost:9999]
Name: Success
  Result: FAILURE      Assert Count: 0  Time:     0

Message: The test Tools.TestScenarios.Approvals couldn't be found in the assembly Tools.dll
Stack Trace:




Output:
==============================================================
Errors for test [Success] run at agent [localhost:9999]
Name: Success
  Result: FAILURE      Assert Count: 0  Time:     0

Message: The test myTests.DummyTests.MustSuccess couldn't be found in the assembly myTest.dll
Stack Trace:




Output:
==============================================================
Errors for test [Success] run at agent [localhost:9999]
Name: Success
  Result: FAILURE      Assert Count: 0  Time:     0

Message: The test myTests.DummyTests.MustSuccess couldn't be found in the assembly myTests.dll
Stack Trace:




Output:
==============================================================
Errors for test [Success] run at agent [localhost:9999]
Name: Success
  Result: FAILURE      Assert Count: 0  Time:     0

Message: The test myTests.DummyTests.MustSuccess couldn't be found in the assembly myTests.dll
Stack Trace:




Output:
==============================================================
Errors for test [Success] run at agent [localhost:9999]
Name: Success
  Result: FAILURE      Assert Count: 0  Time:     0

Message: The test myTests.DummyTests.MustSuccess couldn't be found in the assembly myTests.dll
Stack Trace:




Output:
